# JRE version: Java(TM) SE Runtime Environment (19.0.1+10) (build 19.0.1+10-21)
# Java VM: Java HotSpot(TM) 64-Bit Server VM (19.0.1+10-21, mixed mode, sharing, tiered, compressed oops, compressed class ptrs, g1 gc, windows-amd64)
GC Precious Log:
 CardTable entry size: 512
 Card Set container configuration: InlinePtr #cards 5 size 8 Array Of Cards #cards 12 size 40 Howl #buckets 4 coarsen threshold 1843 Howl Bitmap #cards 512 size 80 coarsen threshold 460 Card regions per heap region 1 cards per card region 2048
 CPUs: 8 total, 8 available
 Memory: 8060M
 Large Page Support: Disabled
 NUMA Support: Disabled
 Compressed Oops: Enabled (32-bit)
 Heap Region Size: 1M
 Heap Min Capacity: 8M
 Heap Initial Capacity: 126M
 Heap Max Capacity: 2016M
 Pre-touch: Disabled
 Parallel Workers: 8
 Concurrent Workers: 2
 Concurrent Refinement Workers: 8
 Periodic GC: Disabled
Heap:
 garbage-first heap   total 92160K, used 45202K [0x0000000082000000, 0x0000000100000000)
  region size 1024K, 3 young (3072K), 3 survivors (3072K)
 Metaspace       used 50508K, committed 51264K, reserved 1114112K
  class space    used 6099K, committed 6464K, reserved 1048576K
GC Heap History (20 events):
Event: 0.920 GC heap after
{Heap after GC invocations=2 (full 0):
 garbage-first heap   total 129024K, used 9408K [0x0000000082000000, 0x0000000100000000)
  region size 1024K, 4 young (4096K), 4 survivors (4096K)
 Metaspace       used 14847K, committed 15104K, reserved 1114112K
  class space    used 1657K, committed 1792K, reserved 1048576K
}
Event: 1.241 GC heap before
{Heap before GC invocations=2 (full 0):
 garbage-first heap   total 129024K, used 33984K [0x0000000082000000, 0x0000000100000000)
  region size 1024K, 26 young (26624K), 4 survivors (4096K)
 Metaspace       used 21241K, committed 21504K, reserved 1114112K
  class space    used 2577K, committed 2688K, reserved 1048576K
}
Event: 1.245 GC heap after
{Heap after GC invocations=3 (full 0):
 garbage-first heap   total 129024K, used 14822K [0x0000000082000000, 0x0000000100000000)
  region size 1024K, 6 young (6144K), 6 survivors (6144K)
 Metaspace       used 21241K, committed 21504K, reserved 1114112K
  class space    used 2577K, committed 2688K, reserved 1048576K
}
Event: 1.620 GC heap before
{Heap before GC invocations=4 (full 0):
 garbage-first heap   total 55296K, used 43494K [0x0000000082000000, 0x0000000100000000)
  region size 1024K, 32 young (32768K), 6 survivors (6144K)
 Metaspace       used 25629K, committed 25984K, reserved 1114112K
  class space    used 3366K, committed 3520K, reserved 1048576K
}
Event: 1.631 GC heap after
{Heap after GC invocations=5 (full 0):
 garbage-first heap   total 55296K, used 20877K [0x0000000082000000, 0x0000000100000000)
  region size 1024K, 4 young (4096K), 4 survivors (4096K)
 Metaspace       used 25629K, committed 25984K, reserved 1114112K
  class space    used 3366K, committed 3520K, reserved 1048576K
}
Event: 1.647 GC heap before
{Heap before GC invocations=5 (full 0):
 garbage-first heap   total 55296K, used 21901K [0x0000000082000000, 0x0000000100000000)
  region size 1024K, 5 young (5120K), 4 survivors (4096K)
 Metaspace       used 25972K, committed 26304K, reserved 1114112K
  class space    used 3398K, committed 3520K, reserved 1048576K
}
Event: 1.652 GC heap after
{Heap after GC invocations=6 (full 0):
 garbage-first heap   total 55296K, used 22134K [0x0000000082000000, 0x0000000100000000)
  region size 1024K, 1 young (1024K), 1 survivors (1024K)
 Metaspace       used 25972K, committed 26304K, reserved 1114112K
  class space    used 3398K, committed 3520K, reserved 1048576K
}
Event: 1.839 GC heap before
{Heap before GC invocations=6 (full 0):
 garbage-first heap   total 55296K, used 40566K [0x0000000082000000, 0x0000000100000000)
  region size 1024K, 20 young (20480K), 1 survivors (1024K)
 Metaspace       used 29546K, committed 29824K, reserved 1114112K
  class space    used 3764K, committed 3904K, reserved 1048576K
}
Event: 1.842 GC heap after
{Heap after GC invocations=7 (full 0):
 garbage-first heap   total 55296K, used 22064K [0x0000000082000000, 0x0000000100000000)
  region size 1024K, 3 young (3072K), 3 survivors (3072K)
 Metaspace       used 29546K, committed 29824K, reserved 1114112K
  class space    used 3764K, committed 3904K, reserved 1048576K
}
Event: 2.001 GC heap before
{Heap before GC invocations=7 (full 0):
 garbage-first heap   total 55296K, used 40496K [0x0000000082000000, 0x0000000100000000)
  region size 1024K, 21 young (21504K), 3 survivors (3072K)
 Metaspace       used 32824K, committed 33280K, reserved 1114112K
  class space    used 4079K, committed 4288K, reserved 1048576K
}
Event: 2.005 GC heap after
{Heap after GC invocations=8 (full 0):
 garbage-first heap   total 102400K, used 23970K [0x0000000082000000, 0x0000000100000000)
  region size 1024K, 2 young (2048K), 2 survivors (2048K)
 Metaspace       used 32824K, committed 33280K, reserved 1114112K
  class space    used 4079K, committed 4288K, reserved 1048576K
}
Event: 2.148 GC heap before
{Heap before GC invocations=8 (full 0):
 garbage-first heap   total 102400K, used 38306K [0x0000000082000000, 0x0000000100000000)
  region size 1024K, 17 young (17408K), 2 survivors (2048K)
 Metaspace       used 35284K, committed 35968K, reserved 1114112K
  class space    used 4402K, committed 4736K, reserved 1048576K
}
Event: 2.152 GC heap after
{Heap after GC invocations=9 (full 0):
 garbage-first heap   total 102400K, used 25083K [0x0000000082000000, 0x0000000100000000)
  region size 1024K, 3 young (3072K), 3 survivors (3072K)
 Metaspace       used 35284K, committed 35968K, reserved 1114112K
  class space    used 4402K, committed 4736K, reserved 1048576K
}
Event: 2.788 GC heap before
{Heap before GC invocations=10 (full 0):
 garbage-first heap   total 89088K, used 78331K [0x0000000082000000, 0x0000000100000000)
  region size 1024K, 52 young (53248K), 3 survivors (3072K)
 Metaspace       used 42458K, committed 43200K, reserved 1114112K
  class space    used 5142K, committed 5504K, reserved 1048576K
}
Event: 2.806 GC heap after
{Heap after GC invocations=11 (full 0):
 garbage-first heap   total 92160K, used 37064K [0x0000000082000000, 0x0000000100000000)
  region size 1024K, 7 young (7168K), 7 survivors (7168K)
 Metaspace       used 42458K, committed 43200K, reserved 1114112K
  class space    used 5142K, committed 5504K, reserved 1048576K
}
Event: 2.808 GC heap before
{Heap before GC invocations=11 (full 0):
 garbage-first heap   total 92160K, used 38088K [0x0000000082000000, 0x0000000100000000)
  region size 1024K, 8 young (8192K), 7 survivors (7168K)
 Metaspace       used 42458K, committed 43200K, reserved 1114112K
  class space    used 5142K, committed 5504K, reserved 1048576K
}
Event: 2.814 GC heap after
{Heap after GC invocations=12 (full 0):
 garbage-first heap   total 92160K, used 38313K [0x0000000082000000, 0x0000000100000000)
  region size 1024K, 1 young (1024K), 1 survivors (1024K)
 Metaspace       used 42458K, committed 43200K, reserved 1114112K
  class space    used 5142K, committed 5504K, reserved 1048576K
}
Event: 3.078 GC heap before
{Heap before GC invocations=12 (full 0):
 garbage-first heap   total 92160K, used 66985K [0x0000000082000000, 0x0000000100000000)
  region size 1024K, 30 young (30720K), 1 survivors (1024K)
 Metaspace       used 43522K, committed 44224K, reserved 1114112K
  class space    used 5205K, committed 5568K, reserved 1048576K
}
Event: 3.084 GC heap after
{Heap after GC invocations=13 (full 0):
 garbage-first heap   total 92160K, used 41984K [0x0000000082000000, 0x0000000100000000)
  region size 1024K, 4 young (4096K), 4 survivors (4096K)
 Metaspace       used 43522K, committed 44224K, reserved 1114112K
  class space    used 5205K, committed 5568K, reserved 1048576K
}
Event: 3.825 GC heap before
{Heap before GC invocations=13 (full 0):
 garbage-first heap   total 92160K, used 69632K [0x0000000082000000, 0x0000000100000000)
  region size 1024K, 31 young (31744K), 4 survivors (4096K)
 Metaspace       used 50508K, committed 51264K, reserved 1114112K
  class space    used 6099K, committed 6464K, reserved 1048576K
}

